Skipping #Cats #Abyssinian, check them here https://en.wikipedia.org/wiki/Abyssinian_cat
Skipping Theres always an #Adelie #Penguin round the corner,https://en.wikipedia.org/wiki/Adelie_penguin
Skipping Better name these with their pet names! #Affenpinscher #dogs, https://en.wikipedia.org/wiki/Affenpinscher
Skipping Nice haircut budy, #Afghan #Hound #dog, https://en.wikipedia.org/wiki/Afghan_Hound
Skipping African Bush Elephant,https://en.wikipedia.org/wiki/African_bush_elephant
Skipping African Civet,https://en.wikipedia.org/wiki/African_civet
Skipping African Clawed Frog,https://en.wikipedia.org/wiki/African_clawed_frog
Skipping African Forest Elephant,https://en.wikipedia.org/wiki/African_forest_elephant
Skipping African Palm Civet,https://en.wikipedia.org/wiki/African_palm_civet
Skipping African Penguin,https://en.wikipedia.org/wiki/African_penguin
Skipping African Tree Toad,https://en.wikipedia.org/wiki/African_tree_toad
Skipping African Wild Dog,https://en.wikipedia.org/wiki/African_wild_dog
Skipping Ainu Dog,https://en.wikipedia.org/w/index.php?title=Ainu_dog&redirect=yes
Skipping Airedale Terrier,https://en.wikipedia.org/wiki/Airedale_Terrier
Skipping Alaskan Malamute,https://en.wikipedia.org/wiki/Alaskan_Malamute
Skipping Aldabra Giant Tortoise,https://en.wikipedia.org/wiki/Aldabra_giant_tortoise
Skipping Alpine Dachsbracke,https://en.wikipedia.org/wiki/Alpine_Dachsbracke
Skipping American Bulldog,https://en.wikipedia.org/wiki/American_Bulldog
Skipping American Cocker Spaniel,https://en.wikipedia.org/wiki/American_Cocker_Spaniel
Skipping American Coonhound,https://en.wikipedia.org/wiki/Coonhound
Skipping American Eskimo Dog,https://en.wikipedia.org/wiki/American_Eskimo_Dog
Skipping American Foxhound, https://en.wikipedia.org/wiki/American_Foxhound
Skipping American Pit Bull Terrier, https://en.wikipedia.org/wiki/American_Pit_Bull_Terrier
Skipping American Staffordshire Terrier, https://en.wikipedia.org/wiki/American_Staffordshire_Terrier
Skipping American Water Spaniel, https://en.wikipedia.org/wiki/American_Water_Spaniel
Skipping Lovely smiles these dogs, #Anatolian #Shepherd #Dog, https://en.wikipedia.org/wiki/Anatolian_Shepherd
Skipping A lovely #Angelfish, https://en.wikipedia.org/wiki/Atlantic_spadefish
Skipping Have you ever heard about #Ants? Check them here https://en.wikipedia.org/wiki/Ant
Skipping Appenzeller Dog
Skipping Arctic Fox
Skipping Arctic Hare
Skipping Arctic Wolf
Skipping Asian Elephant
Skipping Asian Giant Hornet
Skipping Asian Palm Civet
Skipping Asiatic Black Bear
Skipping Australian Cattle Dog
Skipping Australian Kelpie Dog
Skipping Australian Mist
Skipping Australian Shepherd
Skipping Australian Terrier
Skipping Aye Aye
Skipping Bactrian Camel
Skipping Banded Palm Civet
Skipping Barn Owl
Skipping Basenji Dog
Skipping Basking Shark
Skipping Basset Hound
Skipping Bavarian Mountain Hound
Skipping Bearded Collie
Skipping Bearded Dragon
Skipping Bedlington Terrier
Skipping Bengal Tiger
Skipping Bernese Mountain Dog
Skipping Bichon Frise
Skipping Birds Of Paradise
Skipping Black Bear
Skipping Black Rhinoceros
Skipping Black Russian Terrier
Skipping Black Widow Spider
Skipping Blue Lacy Dog
Skipping Blue Whale
Skipping Bluetick Coonhound
Skipping Bolognese Dog
Skipping Border Collie
Skipping Border Terrier
Skipping Bornean Orang-utan
Skipping Borneo Elephant
Skipping Boston Terrier
Skipping Bottle Nosed Dolphin
Skipping Boxer Dog
Skipping Boykin Spaniel
Skipping Brazilian Terrier
Skipping Brown Bear
Skipping Bull Mastiff
Skipping Bull Shark
Skipping Bull Terrier
Skipping Bumble Bee
Skipping Burrowing Frog
Skipping Butterfly Fish
Skipping Caiman Lizard
Skipping Cairn Terrier
Skipping Canaan Dog
Skipping Carolina Dog
Skipping Cavalier King Charles Spaniel
Skipping Cesky Fousek
Skipping Chesapeake Bay Retriever
Skipping Chinese Crested Dog
Skipping Chinstrap Penguin
Skipping Chow Chow
Skipping Clouded Leopard
Skipping Clown Fish
Skipping Clumber Spaniel
Skipping Collared Peccary
Skipping Common Buzzard
Skipping Common Frog
Skipping Common Loon
Skipping Common Toad
Skipping Cottontop Tamarin
Skipping Crab-Eating Macaque
Skipping Crested Penguin
Skipping Cross River Gorilla
Skipping Curly Coated Retriever
Skipping Darwin's Frog
Skipping Desert Tortoise
Skipping Deutsche Bracke
Skipping Doberman Pinscher
Skipping Dogo Argentino
Skipping Dogue De Bordeaux
Skipping Dusky Dolphin
Skipping Dwarf Crocodile
Skipping Eastern Gorilla
Skipping Eastern Lowland Gorilla
Skipping #Echidna are mammals, check them here: https://en.wikipedia.org/wiki/Echidna
Skipping Edible Frogs, European frogs! https://en.wikipedia.org/wiki/Edible_frog
Skipping Egyptian #Mau, or that lovely #cat in the piramids, https://en.wikipedia.org/wiki/Egyptian_Mau
Skipping Electric Eel
Skipping Elephant Seal
Skipping Elephant Shrew
Skipping Emperor Penguin
Skipping Emperor Tamarin
Skipping English Cocker Spaniel
Skipping English Shepherd
Skipping English Springer Spaniel
Skipping Entlebucher Mountain Dog
Skipping Epagneul Pont Audemer
Skipping Eskimo Dog
Skipping Estrela Mountain Dog
Skipping Fennec Fox
Skipping Field Spaniel
Skipping Fin Whale
Skipping Finnish Spitz
Skipping Fire-Bellied Toad
Skipping Fishing Cat
Skipping Flat Coat Retriever
Skipping Flying Squirrel
Skipping Fox Terrier
Skipping French Bulldog
Skipping Frilled Lizard
Skipping Fur Seal
Skipping Galapagos Penguin
Skipping Galapagos Tortoise
Skipping Gentoo Penguin
Skipping Geoffroys Tamarin
Skipping German Pinscher
Skipping German Shepherd
Skipping Giant African Land Snail
Skipping Giant Clam
Skipping Giant Panda Bear
Skipping Giant Schnauzer
Skipping Gila Monster
Skipping Glass Lizard
Skipping Glow Worm
Skipping Golden Lion Tamarin
Skipping Golden Oriole
Skipping Golden Retriever
Skipping Great Dane
Skipping Great White Shark
Skipping Greater Swiss Mountain Dog
Skipping Green Bee-Eater
Skipping Greenland Dog
Skipping Grey Mouse Lemur
Skipping Grey Reef Shark
Skipping Grey Seal
Skipping Grizzly Bear
Skipping Guinea Fowl
Skipping Guinea Pig
Skipping Hammerhead Shark
Skipping Hercules Beetle
Skipping Hermit Crab
Skipping Highland Cattle
Skipping Honey Bee
Skipping Horn Shark
Skipping Horned Frog
Skipping Horseshoe Crab
Skipping Howler Monkey
Skipping Humboldt Penguin
Skipping Humpback Whale
Skipping Ibizan Hound
Skipping Indian Elephant
Skipping Indian Palm Squirrel
Skipping Indian Rhinoceros
Skipping Indian Star Tortoise
Skipping Indochinese Tiger
Skipping Irish Setter
Skipping Irish WolfHound
Skipping Jack Russel
Skipping Japanese Chin
Skipping Japanese Macaque
Skipping Javan Rhinoceros
Skipping Keel Billed Toucan
Skipping Killer Whale
Skipping King Crab
Skipping King Penguin
Skipping Komodo Dragon
Skipping Labrador Retriever
Skipping Leaf-Tailed Gecko
Skipping Leopard Cat
Skipping Leopard Seal
Skipping Leopard Tortoise
Skipping Little Penguin
Skipping Long-Eared Owl
Skipping Macaroni Penguin
Skipping Magellanic Penguin
Skipping Maine Coon
Skipping Malayan Civet
Skipping Malayan Tiger
Skipping Manta Ray
Skipping Marine Toad
Skipping Marsh Frog
Skipping Masked Palm Civet
Skipping Minke Whale
Skipping Monitor Lizard
Skipping Monte Iberia Eleuth
Skipping Moray Eel
Skipping Mountain Gorilla
Skipping Mountain Lion
Skipping Neapolitan Mastiff
Skipping Norfolk Terrier
Skipping Norwegian Forest
Skipping #Numbats, from Australia, are endangered! https://en.wikipedia.org/wiki/Numbat
Skipping Nurse #Shark can reach a length of 3.08 m (10.1 ft), https://en.wikipedia.org/wiki/Nurse_shark
Skipping #Ocelots are beautiful! https://en.wikipedia.org/wiki/Ocelot
Skipping #Octopus, from the Animalia Kingdom! https://en.wikipedia.org/wiki/Octopus
Skipping #Okapi, these are a rare mix, but still lovely animals, https://en.wikipedia.org/wiki/Okapi
Skipping Old English Sheepdog
Skipping Patas Monkey
Skipping Pied Tamarin
Skipping Pink Fairy Armadillo
Skipping Poison Dart Frog
Skipping Polar Bear
Skipping Pond Skater
Skipping Pool Frog
Skipping Proboscis Monkey
Skipping Puffer Fish
Skipping Purple Emperor
Skipping Puss Moth
Skipping Pygmy Hippopotamus
Skipping Pygmy Marmoset
Skipping Raccoon Dog
Skipping Radiated Tortoise
Skipping Red Knee Tarantula
Skipping Red Panda
Skipping Red Wolf
Skipping Red-handed Tamarin
Skipping River Dolphin
Skipping River Turtle
Skipping Rock Hyrax
Skipping Rockhopper Penguin
Skipping Roseate Spoonbill
Skipping Royal Penguin
Skipping Russian Blue
Skipping Sabre-Toothed Tiger
Skipping Saint Bernard
Skipping Sand Lizard
Skipping Scorpion Fish
Skipping Sea Dragon
Skipping Sea Lion
Skipping Sea Otter
Skipping Sea Slug
Skipping Sea Squirt
Skipping Sea Turtle
Skipping Sea Urchin
Skipping Shih Tzu
Skipping Siamese Fighting Fish
Skipping Siberian Husky
Skipping Siberian Tiger
Skipping Silver Dollar
Skipping Slow Worm
Skipping Snapping Turtle
Skipping Snowy Owl
Skipping South China Tiger
Skipping Spadefoot Toad
Skipping Spectacled Bear
Skipping Sperm Whale
Skipping Spider Monkey
Skipping Spiny Dogfish
Skipping Squirrel Monkey
Skipping Sri Lankan Elephant
Skipping Staffordshire Bull Terrier
Skipping Stag Beetle
Skipping Stellers Sea Cow
Skipping Stick Insect
Skipping Striped Rocket Frog
Skipping Sumatran Elephant
Skipping Sumatran Orang-utan
Skipping Sumatran Rhinoceros
Skipping Sumatran Tiger
Skipping Sun Bear
Skipping Tasmanian Devil
Skipping Tawny Owl
Skipping Thorny Devil
Skipping Tibetan Mastiff
Skipping Tiger Salamander
Skipping Tiger Shark
Skipping Tree Frog
Skipping Turkish Angora
Skipping Vampire Bat
Skipping Vervet Monkey
Skipping Water Buffalo
Skipping Water Dragon
Skipping Water Vole
Skipping Welsh Corgi
Skipping West Highland Terrier
Skipping Western Gorilla
Skipping Western Lowland Gorilla
Skipping Whale Shark
Skipping White Faced Capuchin
Skipping White Rhinoceros
Skipping White Tiger
Skipping Wild Boar
Skipping Woolly Mammoth
Skipping Woolly Monkey
Skipping X-Ray Tetra
Skipping Yellow-Eyed Penguin
Skipping Yorkshire Terrier
Skipping Zebra Shark
